npm.cmd : npm warn deprecated inflight@1.0.6: This module is not supported, 
and leaks memory. Do not use it. Check out lru-cache if you want a good and 
tested way to coalesce async requests by a key value, which is much more 
comprehensive and powerful.
At line:1 char:111
+ ... lyContinue; & 'C:\Program Files\nodejs\npm.cmd' install next@15.5.15  ...
+                 ~~~~~~~~~~~~~~~~~~~~~~~~~~~~~~~~~~~~~~~~~~~~~~~~~~~~~~~~~
    + CategoryInfo          : NotSpecified: (npm warn deprec...e and powerful. 
   :String) [], RemoteException
    + FullyQualifiedErrorId : NativeCommandError
 
npm warn deprecated @humanwhocodes/config-array@0.13.0: Use 
@eslint/config-array instead
npm warn deprecated rimraf@3.0.2: Rimraf versions prior to v4 are no longer 
supported
npm warn deprecated glob@7.2.3: Old versions of glob are not supported, and 
contain widely publicized security vulnerabilities, which have been fixed in 
the current version. Please update. Support for old versions may be purchased 
(at exorbitant rates) by contacting i@izs.me
npm warn deprecated @humanwhocodes/object-schema@2.0.3: Use 
@eslint/object-schema instead
npm warn deprecated eslint@8.57.1: This version is no longer supported. Please 
see https://eslint.org/version-support for other options.

added 352 packages, removed 2 packages, and changed 9 packages in 15m

141 packages are looking for funding
  run `npm fund` for details
